Change Component Designator: Old Designator=3 New Designator=2
Change Component Designator: Old Designator=C6 New Designator=C11
Change Component Designator: Old Designator=C7 New Designator=C12
Change Component Designator: Old Designator=C8 New Designator=C13
Change Component Designator: Old Designator=C9 New Designator=C14
Change Component Designator: Old Designator=C10 New Designator=C16
Change Component Designator: Old Designator=C11 New Designator=C17
Change Component Designator: Old Designator=C12 New Designator=C18
Change Component Designator: Old Designator=C13 New Designator=C15
Change Component Designator: Old Designator=C20 New Designator=C19
Change Component Designator: Old Designator=C21 New Designator=C20
Change Component Designator: Old Designator=C22 New Designator=C21
Change Component Designator: Old Designator=C24 New Designator=C22
Change Component Designator: Old Designator=C25 New Designator=C23
Change Component Designator: Old Designator=D2 New Designator=D6
Change Component Designator: Old Designator=D3 New Designator=D7
Change Component Designator: Old Designator=D4 New Designator=D9
Change Component Designator: Old Designator=D5 New Designator=D8
Change Component Designator: Old Designator=D7 New Designator=D10
Change Component Designator: Old Designator=D8 New Designator=D11
Change Component Designator: Old Designator=D9 New Designator=D12
Change Component Designator: Old Designator=R6 New Designator=R35
Change Component Designator: Old Designator=R7 New Designator=R36
Change Component Designator: Old Designator=R8 New Designator=R38
Change Component Designator: Old Designator=R9 New Designator=R39
Change Component Designator: Old Designator=R10 New Designator=R40
Change Component Designator: Old Designator=R11 New Designator=R42
Change Component Designator: Old Designator=R12 New Designator=R43
Change Component Designator: Old Designator=R13 New Designator=R44
Change Component Designator: Old Designator=R14 New Designator=R37
Change Component Designator: Old Designator=R15 New Designator=R41
Change Component Designator: Old Designator=T? New Designator=T1
Change Component Designator: Old Designator=U9 New Designator=U4
Change Component Designator: Old Designator=U10 New Designator=U5
