Change Component Designator: Old Designator=+5V New Designator=+1
Change Component Designator: Old Designator=-5V New Designator=-1
Change Component Designator: Old Designator=8050 New Designator=3
Change Component Designator: Old Designator=C1 New Designator=C6
Change Component Designator: Old Designator=C2 New Designator=C7
Change Component Designator: Old Designator=C3 New Designator=C8
Change Component Designator: Old Designator=C4 New Designator=C9
Change Component Designator: Old Designator=C5 New Designator=C10
Change Component Designator: Old Designator=C6 New Designator=C11
Change Component Designator: Old Designator=D1 New Designator=D3
Change Component Designator: Old Designator=D2 New Designator=D4
Change Component Designator: Old Designator=D3 New Designator=D5
Change Component Designator: Old Designator=GND New Designator=GND1
Change Component Designator: Old Designator=Q1 New Designator=Q3
Change Component Designator: Old Designator=Q2 New Designator=Q4
Change Component Designator: Old Designator=R1 New Designator=R15
Change Component Designator: Old Designator=R2 New Designator=R16
Change Component Designator: Old Designator=R3 New Designator=R17
Change Component Designator: Old Designator=R4 New Designator=R18
Change Component Designator: Old Designator=R5 New Designator=R19
Change Component Designator: Old Designator=R6 New Designator=R20
Change Component Designator: Old Designator=R7 New Designator=R21
Change Component Designator: Old Designator=R8 New Designator=R22
Change Component Designator: Old Designator=R9 New Designator=R23
Change Component Designator: Old Designator=R10 New Designator=R24
Change Component Designator: Old Designator=R11 New Designator=R25
Change Component Designator: Old Designator=R12 New Designator=R27
Change Component Designator: Old Designator=R13 New Designator=R28
Change Component Designator: Old Designator=R14 New Designator=R26
Change Component Designator: Old Designator=R15 New Designator=R30
Change Component Designator: Old Designator=R16 New Designator=R31
Change Component Designator: Old Designator=R17 New Designator=R29
Change Component Designator: Old Designator=R18 New Designator=R32
Change Component Designator: Old Designator=R19 New Designator=R33
Change Component Designator: Old Designator=R20 New Designator=R34
Change Component Designator: Old Designator=VA New Designator=VA1
Change Component Designator: Old Designator=VD*Vsin New Designator=VD*Vsin1
Change Component Designator: Old Designator=VD New Designator=VD1
Change Component Designator: Old Designator=VOUT New Designator=VOUT1
Change Component Designator: Old Designator=Vsin New Designator=Vsin1
Change Component Designator: Old Designator=ﬂ‰Õ∑1 New Designator=ﬂ‰Õ∑2
